# JRE version: Java(TM) SE Runtime Environment (8.0_161-b12) (build 1.8.0_161-b12)
# Java VM: Java HotSpot(TM) 64-Bit Server VM (25.161-b12 mixed mode windows-amd64 compressed oops)
Heap:
 PSYoungGen      total 103936K, used 20752K [0x00000000eb300000, 0x00000000f2800000, 0x0000000100000000)
  eden space 91648K, 9% used [0x00000000eb300000,0x00000000ebb46360,0x00000000f0c80000)
  from space 12288K, 99% used [0x00000000f0c80000,0x00000000f187de50,0x00000000f1880000)
  to   space 11776K, 0% used [0x00000000f1880000,0x00000000f1880000,0x00000000f2400000)
 ParOldGen       total 56320K, used 23104K [0x00000000c1800000, 0x00000000c4f00000, 0x00000000eb300000)
  object space 56320K, 41% used [0x00000000c1800000,0x00000000c2e902e0,0x00000000c4f00000)
 Metaspace       used 39836K, capacity 42038K, committed 42240K, reserved 1085440K
  class space    used 5520K, capacity 5887K, committed 5888K, reserved 1048576K
GC Heap History (10 events):
Event: 5.177 GC heap before
{Heap before GC invocations=7 (full 1):
 PSYoungGen      total 35328K, used 32768K [0x00000000eb300000, 0x00000000f0300000, 0x0000000100000000)
  eden space 32768K, 100% used [0x00000000eb300000,0x00000000ed300000,0x00000000ed300000)
  from space 2560K, 0% used [0x00000000ed300000,0x00000000ed300000,0x00000000ed580000)
  to   space 8192K, 0% used [0x00000000efb00000,0x00000000efb00000,0x00000000f0300000)
 ParOldGen       total 36864K, used 9949K [0x00000000c1800000, 0x00000000c3c00000, 0x00000000eb300000)
  object space 36864K, 26% used [0x00000000c1800000,0x00000000c21b7530,0x00000000c3c00000)
 Metaspace       used 26343K, capacity 27102K, committed 27264K, reserved 1073152K
  class space    used 3733K, capacity 3927K, committed 3968K, reserved 1048576K
Event: 5.191 GC heap after
Heap after GC invocations=7 (full 1):
 PSYoungGen      total 62464K, used 6210K [0x00000000eb300000, 0x00000000f0180000, 0x0000000100000000)
  eden space 55808K, 0% used [0x00000000eb300000,0x00000000eb300000,0x00000000ee980000)
  from space 6656K, 93% used [0x00000000efb00000,0x00000000f01109e8,0x00000000f0180000)
  to   space 8704K, 0% used [0x00000000ef080000,0x00000000ef080000,0x00000000ef900000)
 ParOldGen       total 36864K, used 9957K [0x00000000c1800000, 0x00000000c3c00000, 0x00000000eb300000)
  object space 36864K, 27% used [0x00000000c1800000,0x00000000c21b9530,0x00000000c3c00000)
 Metaspace       used 26343K, capacity 27102K, committed 27264K, reserved 1073152K
  class space    used 3733K, capacity 3927K, committed 3968K, reserved 1048576K
}
Event: 8.799 GC heap before
{Heap before GC invocations=8 (full 1):
 PSYoungGen      total 62464K, used 57923K [0x00000000eb300000, 0x00000000f0180000, 0x0000000100000000)
  eden space 55808K, 92% used [0x00000000eb300000,0x00000000ee5802b0,0x00000000ee980000)
  from space 6656K, 93% used [0x00000000efb00000,0x00000000f01109e8,0x00000000f0180000)
  to   space 8704K, 0% used [0x00000000ef080000,0x00000000ef080000,0x00000000ef900000)
 ParOldGen       total 36864K, used 9957K [0x00000000c1800000, 0x00000000c3c00000, 0x00000000eb300000)
  object space 36864K, 27% used [0x00000000c1800000,0x00000000c21b9530,0x00000000c3c00000)
 Metaspace       used 34224K, capacity 35276K, committed 35456K, reserved 1079296K
  class space    used 4861K, capacity 5124K, committed 5248K, reserved 1048576K
Event: 8.829 GC heap after
Heap after GC invocations=8 (full 1):
 PSYoungGen      total 71680K, used 8677K [0x00000000eb300000, 0x00000000f2400000, 0x0000000100000000)
  eden space 62976K, 0% used [0x00000000eb300000,0x00000000eb300000,0x00000000ef080000)
  from space 8704K, 99% used [0x00000000ef080000,0x00000000ef8f97e8,0x00000000ef900000)
  to   space 11776K, 0% used [0x00000000f1880000,0x00000000f1880000,0x00000000f2400000)
 ParOldGen       total 36864K, used 12743K [0x00000000c1800000, 0x00000000c3c00000, 0x00000000eb300000)
  object space 36864K, 34% used [0x00000000c1800000,0x00000000c2471f90,0x00000000c3c00000)
 Metaspace       used 34224K, capacity 35276K, committed 35456K, reserved 1079296K
  class space    used 4861K, capacity 5124K, committed 5248K, reserved 1048576K
}
Event: 8.829 GC heap before
{Heap before GC invocations=9 (full 2):
 PSYoungGen      total 71680K, used 8677K [0x00000000eb300000, 0x00000000f2400000, 0x0000000100000000)
  eden space 62976K, 0% used [0x00000000eb300000,0x00000000eb300000,0x00000000ef080000)
  from space 8704K, 99% used [0x00000000ef080000,0x00000000ef8f97e8,0x00000000ef900000)
  to   space 11776K, 0% used [0x00000000f1880000,0x00000000f1880000,0x00000000f2400000)
 ParOldGen       total 36864K, used 12743K [0x00000000c1800000, 0x00000000c3c00000, 0x00000000eb300000)
  object space 36864K, 34% used [0x00000000c1800000,0x00000000c2471f90,0x00000000c3c00000)
 Metaspace       used 34224K, capacity 35276K, committed 35456K, reserved 1079296K
  class space    used 4861K, capacity 5124K, committed 5248K, reserved 1048576K
Event: 8.994 GC heap after
Heap after GC invocations=9 (full 2):
 PSYoungGen      total 71680K, used 0K [0x00000000eb300000, 0x00000000f2400000, 0x0000000100000000)
  eden space 62976K, 0% used [0x00000000eb300000,0x00000000eb300000,0x00000000ef080000)
  from space 8704K, 0% used [0x00000000ef080000,0x00000000ef080000,0x00000000ef900000)
  to   space 11776K, 0% used [0x00000000f1880000,0x00000000f1880000,0x00000000f2400000)
 ParOldGen       total 56320K, used 20397K [0x00000000c1800000, 0x00000000c4f00000, 0x00000000eb300000)
  object space 56320K, 36% used [0x00000000c1800000,0x00000000c2beb610,0x00000000c4f00000)
 Metaspace       used 34224K, capacity 35276K, committed 35456K, reserved 1079296K
  class space    used 4861K, capacity 5124K, committed 5248K, reserved 1048576K
}
Event: 32.701 GC heap before
{Heap before GC invocations=10 (full 2):
 PSYoungGen      total 71680K, used 62976K [0x00000000eb300000, 0x00000000f2400000, 0x0000000100000000)
  eden space 62976K, 100% used [0x00000000eb300000,0x00000000ef080000,0x00000000ef080000)
  from space 8704K, 0% used [0x00000000ef080000,0x00000000ef080000,0x00000000ef900000)
  to   space 11776K, 0% used [0x00000000f1880000,0x00000000f1880000,0x00000000f2400000)
 ParOldGen       total 56320K, used 20397K [0x00000000c1800000, 0x00000000c4f00000, 0x00000000eb300000)
  object space 56320K, 36% used [0x00000000c1800000,0x00000000c2beb610,0x00000000c4f00000)
 Metaspace       used 37937K, capacity 39806K, committed 39936K, reserved 1083392K
  class space    used 5293K, capacity 5631K, committed 5632K, reserved 1048576K
Event: 32.742 GC heap after
Heap after GC invocations=10 (full 2):
 PSYoungGen      total 103424K, used 8673K [0x00000000eb300000, 0x00000000f2800000, 0x0000000100000000)
  eden space 91648K, 0% used [0x00000000eb300000,0x00000000eb300000,0x00000000f0c80000)
  from space 11776K, 73% used [0x00000000f1880000,0x00000000f20f8640,0x00000000f2400000)
  to   space 12288K, 0% used [0x00000000f0c80000,0x00000000f0c80000,0x00000000f1880000)
 ParOldGen       total 56320K, used 20405K [0x00000000c1800000, 0x00000000c4f00000, 0x00000000eb300000)
  object space 56320K, 36% used [0x00000000c1800000,0x00000000c2bed610,0x00000000c4f00000)
 Metaspace       used 37937K, capacity 39806K, committed 39936K, reserved 1083392K
  class space    used 5293K, capacity 5631K, committed 5632K, reserved 1048576K
}
Event: 166.725 GC heap before
{Heap before GC invocations=11 (full 2):
 PSYoungGen      total 103424K, used 100321K [0x00000000eb300000, 0x00000000f2800000, 0x0000000100000000)
  eden space 91648K, 100% used [0x00000000eb300000,0x00000000f0c80000,0x00000000f0c80000)
  from space 11776K, 73% used [0x00000000f1880000,0x00000000f20f8640,0x00000000f2400000)
  to   space 12288K, 0% used [0x00000000f0c80000,0x00000000f0c80000,0x00000000f1880000)
 ParOldGen       total 56320K, used 20405K [0x00000000c1800000, 0x00000000c4f00000, 0x00000000eb300000)
  object space 56320K, 36% used [0x00000000c1800000,0x00000000c2bed610,0x00000000c4f00000)
 Metaspace       used 39816K, capacity 42032K, committed 42240K, reserved 1085440K
  class space    used 5518K, capacity 5886K, committed 5888K, reserved 1048576K
Event: 166.844 GC heap after
Heap after GC invocations=11 (full 2):
 PSYoungGen      total 103936K, used 12279K [0x00000000eb300000, 0x00000000f2800000, 0x0000000100000000)
  eden space 91648K, 0% used [0x00000000eb300000,0x00000000eb300000,0x00000000f0c80000)
  from space 12288K, 99% used [0x00000000f0c80000,0x00000000f187de50,0x00000000f1880000)
  to   space 11776K, 0% used [0x00000000f1880000,0x00000000f1880000,0x00000000f2400000)
 ParOldGen       total 56320K, used 23104K [0x00000000c1800000, 0x00000000c4f00000, 0x00000000eb300000)
  object space 56320K, 41% used [0x00000000c1800000,0x00000000c2e902e0,0x00000000c4f00000)
 Metaspace       used 39816K, capacity 42032K, committed 42240K, reserved 1085440K
  class space    used 5518K, capacity 5886K, committed 5888K, reserved 1048576K
}

